               
               
┌─────────────┐
│ Scan Status │
└─────────────┘
  Scanning 703 files tracked by git with 1059 Code rules:
                                                                                                                        
  Language      Rules   Files          Origin      Rules                                                                
 ─────────────────────────────        ───────────────────                                                               
  <multilang>      72     469          Community    1059                                                                
  ts              163     299                                                                                           
  java            118     227                                                                                           
  js              153      45                                                                                           
  python          243      21                                                                                           
  json              4      11                                                                                           
  html              1       5                                                                                           
  yaml             31       4                                                                                           
  dockerfile        6       1                                                                                           
  bash              4       1                                                                                           
                                                                                                                        
                
                
┌──────────────┐
│ Scan Summary │
└──────────────┘
✅ Scan completed successfully.
 • Findings: 4 (4 blocking)
 • Rules run: 636
 • Targets scanned: 703
 • Parsed lines: ~99.9%
 • Scan skipped: 
   ◦ Files larger than  files 1.0 MB: 7
 • Scan was limited to files tracked by git
 • For a detailed list of skipped files and lines, run semgrep with the --verbose flag
Ran 636 rules on 703 files: 4 findings.

A new version of Semgrep is available. See https://semgrep.dev/docs/upgrading
