Version: [32m2.1.5[0m
OpenSSL 3.6.1 27 Jan 2026
[0m
[32mConnected to 216.150.1.1[0m

Testing SSL server [32mgmir.fr[0m on port [32m443[0m using SNI name [32mgmir.fr[0m

  [1;34mSSL/TLS Protocols:[0m
SSLv2     [32mdisabled[0m
SSLv3     [32mdisabled[0m
TLSv1.0   [32mdisabled[0m
TLSv1.1   [32mdisabled[0m
TLSv1.2   disabled
TLSv1.3   [33mdisabled[0m

  [1;34mTLS Fallback SCSV:[0m
[33mConnection failed[0m - unable to determine TLS Fallback SCSV support

  [1;34mTLS renegotiation:[0m
Session renegotiation [32mnot supported[0m

  [1;34mTLS Compression:[0m
Compression [32mdisabled[0m

  [1;34mHeartbleed:[0m

  [1;34mSupported Server Cipher(s):[0m
    Unable to parse certificate
    Unable to parse certificate
    Unable to parse certificate
    Unable to parse certificate
Certificate information cannot be retrieved.

