
 CHECKING CONNECTIVITY TO SERVER(S)
 ----------------------------------

   gmir.fr:443               => 216.150.1.1 


 SCAN RESULTS FOR GMIR.FR:443 - 216.150.1.1
 ------------------------------------------

 * Error when running --certinfo:
       You can open an issue at https://github.com/nabla-c0d3/sslyze/issues with the following information:

       * SSLyze version: 6.3.1
       * Server: gmir.fr:443 - 216.150.1.1
       * Scan command: ScanCommand.CERTIFICATE_INFO

       Traceback (most recent call last):
         File "/usr/local/lib/python3.13/dist-packages/sslyze/scanner/_mass_scanner.py", line 274, in _generate_result_for_completed_server_scan
    scan_cmd_result = plugin_implementation_cls.result_for_completed_scan_jobs(
        server_info=ServerConnectivityInfo(
    ...<4 lines>...
        scan_job_results=scan_job_results_for_plugin,
    )
         File "/usr/local/lib/python3.13/dist-packages/sslyze/plugins/certificate_info/implementation.py", line 166, in result_for_completed_scan_jobs
    raise ValueError("Should never happen")
       ValueError: Should never happen

 * SSL 2.0 Cipher Suites:
     Attempted to connect using 7 cipher suites; the server rejected all cipher suites.

 * SSL 3.0 Cipher Suites:
     Attempted to connect using 80 cipher suites; the server rejected all cipher suites.

 * TLS 1.0 Cipher Suites:
     Attempted to connect using 80 cipher suites; the server rejected all cipher suites.

 * TLS 1.1 Cipher Suites:
     Attempted to connect using 80 cipher suites; the server rejected all cipher suites.

 * TLS 1.2 Cipher Suites:
     Attempted to connect using 156 cipher suites.

     The server accepted the following 2 cipher suites:
        TLS_ECDHE_RSA_WITH_AES_128_GCM_SHA256             128       ECDH: secp256r1 (256 bits)
        TLS_DHE_RSA_WITH_AES_256_GCM_SHA384               256       DH (2048 bits) 

     The group of cipher suites supported by the server has the following properties:
       Forward Secrecy                    OK - Supported
       Legacy RC4 Algorithm               OK - Not Supported


 * TLS 1.3 Cipher Suites:
     Attempted to connect using 5 cipher suites; the server rejected all cipher suites.

 * Deflate Compression:
                                          OK - Compression disabled

 * OpenSSL CCS Injection:
                                          OK - Not vulnerable to OpenSSL CCS injection

 * Downgrade Attacks:
       TLS_FALLBACK_SCSV:                 OK - Supported

 * OpenSSL Heartbleed:
                                          OK - Not vulnerable to Heartbleed

 * ROBOT Attack:
                                          OK - Not vulnerable, RSA cipher suites not supported.

 * Session Renegotiation:
       Client Renegotiation DoS Attack:   OK - Not vulnerable
       Secure Renegotiation:              OK - Supported

 * Elliptic Curve Key Exchange:
       Supported curves:                  
       Rejected curves:                   X25519, X448, brainpoolP256r1, brainpoolP384r1, brainpoolP512r1, secp160k1, secp160r1, secp160r2, secp192k1, secp192r1, secp224k1, secp224r1, secp256k1, secp256r1, secp384r1, secp521r1, sect163k1, sect163r1, sect163r2, sect193r1, sect193r2, sect233k1, sect233r1, sect239k1, sect283k1, sect283r1, sect409k1, sect409r1, sect571k1, sect571r1

 * TLS Extended Master Secret Extension:
                                          OK - Supported

 SCANS COMPLETED IN 69.299538 S
 ------------------------------

       Wrote JSON output to "/workspace/results/sslyze.json".

 COMPLIANCE AGAINST TLS CONFIGURATION
 ------------------------------------

    Checking results against Mozilla's "intermediate" configuration. See https://ssl-config.mozilla.org/ for more details.

    gmir.fr:443: ERROR - Scan did not run successfully; review the scan logs above.
