
 CHECKING CONNECTIVITY TO SERVER(S)
 ----------------------------------

   maintenance.medianet.tn:443 => 92.222.72.45 
/usr/local/lib/python3.13/dist-packages/sslyze/plugins/certificate_info/trust_stores/trust_store.py:55: CryptographyDeprecationWarning: Parsed a serial number which wasn't positive (i.e., it was negative or zero), which is disallowed by RFC 5280. Loading this certificate will cause an exception in a future release of cryptography.
  self._x509_store = Store(load_pem_x509_certificates(self.path.read_bytes()))


 SCAN RESULTS FOR MAINTENANCE.MEDIANET.TN:443 - 92.222.72.45
 -----------------------------------------------------------

 * Certificates Information:
       Hostname sent for SNI:             maintenance.medianet.tn
       Number of cert chains detected:    1 (RSAPublicKey)
       Cert chain with SNI disabled:      Yes


     Certificate Chain #1 (RSAPublicKey, SNI enabled)
       SHA1 Fingerprint:                  238014a8dad046e6bb4d15dc7f55bdb57ccdbe90
       Common Name:                       maintenance.medianet.com.tn
       Issuer:                            YR2
       Serial Number:                     461801518390529930951862246618579948291118
       Not Before:                        2026-06-15
       Not After:                         2026-09-13
       Public Key Algorithm:              RSAPublicKey
       Signature Algorithm:               sha256
       Key Size:                          2048
       Exponent:                          65537
       SubjAltName - DNS Names:           ['maintenance.medianet.com.tn', 'maintenance.medianet.tn']
     Trust
       Android CA Store (16.0.0_r4):      OK - Certificate is trusted
       Apple CA Store (iOS 26, iPadOS 26, macOS 26, tvOS 26, visionOS 26 and watchOS 26):OK - Certificate is trusted
       Java CA Store (jdk-13.0.2):        OK - Certificate is trusted
       Mozilla CA Store (2026-03-28):     OK - Certificate is trusted
       Windows CA Store (2026-03-28):     OK - Certificate is trusted
       Symantec 2018 Deprecation:         OK - Not a Symantec-issued certificate
       Received Chain:                    maintenance.medianet.com.tn --> YR2 --> Root YR
       Verified Chain:                    maintenance.medianet.com.tn --> YR2 --> Root YR --> ISRG Root X1
       Received Chain Contains Anchor:    OK - Anchor certificate not sent
       Received Chain Order:              OK - Order is valid
       Verified Chain contains SHA1:      OK - No SHA1-signed certificate in the verified certificate chain
     Certificate Extensions
       OCSP Must-Staple:                  NOT SUPPORTED - Extension not found
       Certificate Transparency:          WARNING - Only 2 SCTs included but Google recommends 3 or more
     OCSP Stapling
                                          NOT SUPPORTED - Server did not send back an OCSP response

     Certificate Chain with SNI disabled - can be ignored
       SHA1 Fingerprint:                  be09c86f32641bcd7df3a543824f721c761f7576
       Common Name:                       vps472305
       Issuer:                            vps472305
       Serial Number:                     526129020957301284081507860059564308096889252202
       Not Before:                        2021-06-09
       Not After:                         2031-06-07
       Public Key Algorithm:              RSAPublicKey
       Signature Algorithm:               sha256
       Key Size:                          2048
       Exponent:                          65537
       SubjAltName - DNS Names:           ['vps472305']
     Trust
       Android CA Store (16.0.0_r4):      FAILED - Certificate is NOT Trusted: validation failed: leaf certificate has no matching subjectAltName (encountered processing <Certificate(subject=<Name(CN=vps472305)>, ...)>)
       Apple CA Store (iOS 26, iPadOS 26, macOS 26, tvOS 26, visionOS 26 and watchOS 26):FAILED - Certificate is NOT Trusted: validation failed: leaf certificate has no matching subjectAltName (encountered processing <Certificate(subject=<Name(CN=vps472305)>, ...)>)
       Java CA Store (jdk-13.0.2):        FAILED - Certificate is NOT Trusted: validation failed: leaf certificate has no matching subjectAltName (encountered processing <Certificate(subject=<Name(CN=vps472305)>, ...)>)
       Mozilla CA Store (2026-03-28):     FAILED - Certificate is NOT Trusted: validation failed: leaf certificate has no matching subjectAltName (encountered processing <Certificate(subject=<Name(CN=vps472305)>, ...)>)
       Windows CA Store (2026-03-28):     FAILED - Certificate is NOT Trusted: validation failed: leaf certificate has no matching subjectAltName (encountered processing <Certificate(subject=<Name(CN=vps472305)>, ...)>)
       Symantec 2018 Deprecation:         ERROR - Could not build verified chain (certificate untrusted?)
       Received Chain:                    vps472305
       Verified Chain:                    ERROR - Could not build verified chain (certificate untrusted?)
       Received Chain Contains Anchor:    ERROR - Could not build verified chain (certificate untrusted?)
       Received Chain Order:              OK - Order is valid
       Verified Chain contains SHA1:      ERROR - Could not build verified chain (certificate untrusted?)
     Certificate Extensions
       OCSP Must-Staple:                  NOT SUPPORTED - Extension not found
       Certificate Transparency:          NOT SUPPORTED - Extension not found
     OCSP Stapling
                                          NOT SUPPORTED - Server did not send back an OCSP response

 * SSL 2.0 Cipher Suites:
     Attempted to connect using 7 cipher suites; the server rejected all cipher suites.

 * SSL 3.0 Cipher Suites:
     Attempted to connect using 80 cipher suites; the server rejected all cipher suites.

 * TLS 1.0 Cipher Suites:
     Attempted to connect using 80 cipher suites.

     The server accepted the following 4 cipher suites:
        TLS_RSA_WITH_AES_256_CBC_SHA                      256                      
        TLS_RSA_WITH_AES_128_CBC_SHA                      128                      
        TLS_ECDHE_RSA_WITH_AES_256_CBC_SHA                256       ECDH: secp256r1 (256 bits)
        TLS_ECDHE_RSA_WITH_AES_128_CBC_SHA                128       ECDH: secp256r1 (256 bits)

     The group of cipher suites supported by the server has the following properties:
       Forward Secrecy                    OK - Supported
       Legacy RC4 Algorithm               OK - Not Supported


 * TLS 1.1 Cipher Suites:
     Attempted to connect using 80 cipher suites.

     The server accepted the following 4 cipher suites:
        TLS_RSA_WITH_AES_256_CBC_SHA                      256                      
        TLS_RSA_WITH_AES_128_CBC_SHA                      128                      
        TLS_ECDHE_RSA_WITH_AES_256_CBC_SHA                256       ECDH: secp256r1 (256 bits)
        TLS_ECDHE_RSA_WITH_AES_128_CBC_SHA                128       ECDH: secp256r1 (256 bits)

     The group of cipher suites supported by the server has the following properties:
       Forward Secrecy                    OK - Supported
       Legacy RC4 Algorithm               OK - Not Supported


 * TLS 1.2 Cipher Suites:
     Attempted to connect using 156 cipher suites.

     The server accepted the following 13 cipher suites:
        TLS_RSA_WITH_AES_256_GCM_SHA384                   256                      
        TLS_RSA_WITH_AES_256_CBC_SHA256                   256                      
        TLS_RSA_WITH_AES_256_CBC_SHA                      256                      
        TLS_RSA_WITH_AES_128_GCM_SHA256                   128                      
        TLS_RSA_WITH_AES_128_CBC_SHA256                   128                      
        TLS_RSA_WITH_AES_128_CBC_SHA                      128                      
        TLS_ECDHE_RSA_WITH_CHACHA20_POLY1305_SHA256       256       ECDH: X25519 (253 bits)
        TLS_ECDHE_RSA_WITH_AES_256_GCM_SHA384             256       ECDH: secp256r1 (256 bits)
        TLS_ECDHE_RSA_WITH_AES_256_CBC_SHA384             256       ECDH: secp256r1 (256 bits)
        TLS_ECDHE_RSA_WITH_AES_256_CBC_SHA                256       ECDH: secp256r1 (256 bits)
        TLS_ECDHE_RSA_WITH_AES_128_GCM_SHA256             128       ECDH: secp256r1 (256 bits)
        TLS_ECDHE_RSA_WITH_AES_128_CBC_SHA256             128       ECDH: secp256r1 (256 bits)
        TLS_ECDHE_RSA_WITH_AES_128_CBC_SHA                128       ECDH: secp256r1 (256 bits)

     The group of cipher suites supported by the server has the following properties:
       Forward Secrecy                    OK - Supported
       Legacy RC4 Algorithm               OK - Not Supported


 * TLS 1.3 Cipher Suites:
     Attempted to connect using 5 cipher suites.

     The server accepted the following 3 cipher suites:
        TLS_CHACHA20_POLY1305_SHA256                      256       ECDH: X25519 (253 bits)
        TLS_AES_256_GCM_SHA384                            256       ECDH: X25519 (253 bits)
        TLS_AES_128_GCM_SHA256                            128       ECDH: X25519 (253 bits)


 * Deflate Compression:
                                          OK - Compression disabled

 * OpenSSL CCS Injection:
                                          OK - Not vulnerable to OpenSSL CCS injection

 * Downgrade Attacks:
       TLS_FALLBACK_SCSV:                 OK - Supported

 * OpenSSL Heartbleed:
                                          OK - Not vulnerable to Heartbleed

 * ROBOT Attack:
                                          OK - Not vulnerable.

 * Session Renegotiation:
       Client Renegotiation DoS Attack:   OK - Not vulnerable
       Secure Renegotiation:              OK - Supported

 * Elliptic Curve Key Exchange:
       Supported curves:                  X25519, X448, secp256r1, secp384r1, secp521r1
       Rejected curves:                   brainpoolP256r1, brainpoolP384r1, brainpoolP512r1, secp160k1, secp160r1, secp160r2, secp192k1, secp192r1, secp224k1, secp224r1, secp256k1, sect163k1, sect163r1, sect163r2, sect193r1, sect193r2, sect233k1, sect233r1, sect239k1, sect283k1, sect283r1, sect409k1, sect409r1, sect571k1, sect571r1

 * TLS Extended Master Secret Extension:
                                          OK - Supported

 SCANS COMPLETED IN 16.93315 S
 -----------------------------

       Wrote JSON output to "/workspace/results/sslyze.json".

 COMPLIANCE AGAINST TLS CONFIGURATION
 ------------------------------------

    Checking results against Mozilla's "intermediate" configuration. See https://ssl-config.mozilla.org/ for more details.

    maintenance.medianet.tn:443: FAILED - Not compliant.
        * tls_versions: TLS versions {'TLSv1', 'TLSv1.1'} are supported, but should be rejected.
        * ciphers: Cipher suites {'TLS_RSA_WITH_AES_256_CBC_SHA256', 'TLS_RSA_WITH_AES_128_CBC_SHA256', 'TLS_RSA_WITH_AES_256_CBC_SHA', 'TLS_RSA_WITH_AES_256_GCM_SHA384', 'TLS_ECDHE_RSA_WITH_AES_256_CBC_SHA', 'TLS_ECDHE_RSA_WITH_AES_256_CBC_SHA384', 'TLS_ECDHE_RSA_WITH_AES_128_CBC_SHA', 'TLS_ECDHE_RSA_WITH_AES_128_CBC_SHA256', 'TLS_RSA_WITH_AES_128_GCM_SHA256', 'TLS_RSA_WITH_AES_128_CBC_SHA'} are supported, but should be rejected.
        * tls_curves: TLS curves {'X448', 'secp521r1'} are supported, but should be rejected.

