               
               
┌─────────────┐
│ Scan Status │
└─────────────┘
  Scanning 211 files tracked by git with 1059 Code rules:
                                                                                                                        
  Language      Rules   Files          Origin      Rules                                                                
 ─────────────────────────────        ───────────────────                                                               
  <multilang>      61     211          Community    1059                                                                
  java            118     109                                                                                           
  js              153      76                                                                                           
  json              4       6                                                                                           
  html              1       2                                                                                           
                                                                                                                        
                
                
┌──────────────┐
│ Scan Summary │
└──────────────┘
✅ Scan completed successfully.
 • Findings: 1 (1 blocking)
 • Rules run: 335
 • Targets scanned: 211
 • Parsed lines: ~99.9%
 • Scan was limited to files tracked by git
 • For a detailed list of skipped files and lines, run semgrep with the --verbose flag
Ran 335 rules on 211 files: 1 finding.
