               
               
┌─────────────┐
│ Scan Status │
└─────────────┘
  Scanning 211 files tracked by git with 544 Code rules:
                                                                                                                        
  Language      Rules   Files          Origin      Rules                                                                
 ─────────────────────────────        ───────────────────                                                               
  <multilang>       7     211          Community     544                                                                
  java             60     109                                                                                           
  js               65      76                                                                                           
  json              3       6                                                                                           
  html              1       2                                                                                           
                                                                                                                        
                
                
┌──────────────┐
│ Scan Summary │
└──────────────┘
✅ Scan completed successfully.
 • Findings: 0 (0 blocking)
 • Rules run: 136
 • Targets scanned: 211
 • Parsed lines: ~99.9%
 • Scan was limited to files tracked by git
 • For a detailed list of skipped files and lines, run semgrep with the --verbose flag
Ran 136 rules on 211 files: 0 findings.
(need more rules? `semgrep login` for additional free Semgrep Registry rules)

If Semgrep missed a finding, please send us feedback to let us know!
See https://semgrep.dev/docs/reporting-false-negatives/
