Version: [32m2.1.5[0m
OpenSSL 3.6.2 7 Apr 2026
[0m
[32mConnected to 196.203.16.137[0m

Testing SSL server [32mmedianet.tn[0m on port [32m443[0m using SNI name [32mmedianet.tn[0m

  [1;34mSSL/TLS Protocols:[0m
SSLv2     [32mdisabled[0m
SSLv3     [32mdisabled[0m
TLSv1.0   [33menabled[0m
TLSv1.1   [33menabled[0m
TLSv1.2   enabled
TLSv1.3   [33mdisabled[0m

  [1;34mTLS Fallback SCSV:[0m
Server [32msupports[0m TLS Fallback SCSV

  [1;34mTLS renegotiation:[0m
[32mSecure[0m session renegotiation supported

  [1;34mTLS Compression:[0m
Compression [32mdisabled[0m

  [1;34mHeartbleed:[0m
TLSv1.2 [32mnot vulnerable[0m to heartbleed
TLSv1.1 [32mnot vulnerable[0m to heartbleed
TLSv1.0 [32mnot vulnerable[0m to heartbleed

  [1;34mSupported Server Cipher(s):[0m
[32mPreferred[0m TLSv1.2  [32m256[0m bits  [32mECDHE-RSA-AES256-GCM-SHA384  [0m Curve [32m25519[0m DHE 253
Accepted  TLSv1.2  [32m256[0m bits  [32mDHE-RSA-AES256-GCM-SHA384    [0m DHE 2048 bits
Accepted  TLSv1.2  [32m256[0m bits  [32mECDHE-RSA-CHACHA20-POLY1305  [0m Curve [32m25519[0m DHE 253
Accepted  TLSv1.2  [32m256[0m bits  [32mDHE-RSA-CHACHA20-POLY1305    [0m DHE 2048 bits
Accepted  TLSv1.2  [32m256[0m bits  DHE-RSA-AES256-CCM            DHE 2048 bits
Accepted  TLSv1.2  [32m128[0m bits  [32mECDHE-RSA-AES128-GCM-SHA256  [0m Curve [32m25519[0m DHE 253
Accepted  TLSv1.2  [32m128[0m bits  [32mDHE-RSA-AES128-GCM-SHA256    [0m DHE 2048 bits
Accepted  TLSv1.2  [32m128[0m bits  DHE-RSA-AES128-CCM            DHE 2048 bits
Accepted  TLSv1.2  [33m64[0m bits   DHE-RSA-AES256-CCM8           DHE 2048 bits
Accepted  TLSv1.2  [33m64[0m bits   DHE-RSA-AES128-CCM8           DHE 2048 bits
Accepted  TLSv1.2  [32m256[0m bits  ECDHE-RSA-AES256-SHA384       Curve [32m25519[0m DHE 253
Accepted  TLSv1.2  [32m256[0m bits  DHE-RSA-AES256-SHA256         DHE 2048 bits
Accepted  TLSv1.2  [32m256[0m bits  ECDHE-RSA-CAMELLIA256-SHA384  Curve [32m25519[0m DHE 253
Accepted  TLSv1.2  [32m256[0m bits  DHE-RSA-CAMELLIA256-SHA256    DHE 2048 bits
Accepted  TLSv1.2  [32m128[0m bits  ECDHE-RSA-AES128-SHA256       Curve [32m25519[0m DHE 253
Accepted  TLSv1.2  [32m128[0m bits  DHE-RSA-AES128-SHA256         DHE 2048 bits
Accepted  TLSv1.2  [32m128[0m bits  ECDHE-RSA-CAMELLIA128-SHA256  Curve [32m25519[0m DHE 253
Accepted  TLSv1.2  [32m128[0m bits  DHE-RSA-CAMELLIA128-SHA256    DHE 2048 bits
Accepted  TLSv1.2  [32m256[0m bits  ECDHE-RSA-AES256-SHA          Curve [32m25519[0m DHE 253
Accepted  TLSv1.2  [32m256[0m bits  DHE-RSA-AES256-SHA            DHE 2048 bits
Accepted  TLSv1.2  [32m256[0m bits  DHE-RSA-CAMELLIA256-SHA       DHE 2048 bits
Accepted  TLSv1.2  [32m128[0m bits  ECDHE-RSA-AES128-SHA          Curve [32m25519[0m DHE 253
Accepted  TLSv1.2  [32m128[0m bits  DHE-RSA-AES128-SHA            DHE 2048 bits
Accepted  TLSv1.2  [32m128[0m bits  DHE-RSA-CAMELLIA128-SHA       DHE 2048 bits
Accepted  TLSv1.2  [32m256[0m bits  AES256-GCM-SHA384            
Accepted  TLSv1.2  [32m256[0m bits  AES256-CCM                   
Accepted  TLSv1.2  [32m128[0m bits  AES128-GCM-SHA256            
Accepted  TLSv1.2  [32m128[0m bits  AES128-CCM                   
Accepted  TLSv1.2  [33m64[0m bits   AES256-CCM8                  
Accepted  TLSv1.2  [33m64[0m bits   AES128-CCM8                  
Accepted  TLSv1.2  [32m256[0m bits  AES256-SHA256                
Accepted  TLSv1.2  [32m256[0m bits  CAMELLIA256-SHA256           
Accepted  TLSv1.2  [32m128[0m bits  AES128-SHA256                
Accepted  TLSv1.2  [32m128[0m bits  CAMELLIA128-SHA256           
Accepted  TLSv1.2  [32m256[0m bits  AES256-SHA                   
Accepted  TLSv1.2  [32m256[0m bits  CAMELLIA256-SHA              
Accepted  TLSv1.2  [32m128[0m bits  AES128-SHA                   
Accepted  TLSv1.2  [32m128[0m bits  CAMELLIA128-SHA              
[32mPreferred[0m [33mTLSv1.1[0m  [32m256[0m bits  ECDHE-RSA-AES256-SHA          Curve [32m25519[0m DHE 253
Accepted  [33mTLSv1.1[0m  [32m256[0m bits  DHE-RSA-AES256-SHA            DHE 2048 bits
Accepted  [33mTLSv1.1[0m  [32m256[0m bits  DHE-RSA-CAMELLIA256-SHA       DHE 2048 bits
Accepted  [33mTLSv1.1[0m  [32m128[0m bits  ECDHE-RSA-AES128-SHA          Curve [32m25519[0m DHE 253
Accepted  [33mTLSv1.1[0m  [32m128[0m bits  DHE-RSA-AES128-SHA            DHE 2048 bits
Accepted  [33mTLSv1.1[0m  [32m128[0m bits  DHE-RSA-CAMELLIA128-SHA       DHE 2048 bits
Accepted  [33mTLSv1.1[0m  [32m256[0m bits  AES256-SHA                   
Accepted  [33mTLSv1.1[0m  [32m256[0m bits  CAMELLIA256-SHA              
Accepted  [33mTLSv1.1[0m  [32m128[0m bits  AES128-SHA                   
Accepted  [33mTLSv1.1[0m  [32m128[0m bits  CAMELLIA128-SHA              
[32mPreferred[0m [33mTLSv1.0[0m  [32m256[0m bits  ECDHE-RSA-AES256-SHA          Curve [32m25519[0m DHE 253
Accepted  [33mTLSv1.0[0m  [32m256[0m bits  DHE-RSA-AES256-SHA            DHE 2048 bits
Accepted  [33mTLSv1.0[0m  [32m256[0m bits  DHE-RSA-CAMELLIA256-SHA       DHE 2048 bits
Accepted  [33mTLSv1.0[0m  [32m128[0m bits  ECDHE-RSA-AES128-SHA          Curve [32m25519[0m DHE 253
Accepted  [33mTLSv1.0[0m  [32m128[0m bits  DHE-RSA-AES128-SHA            DHE 2048 bits
Accepted  [33mTLSv1.0[0m  [32m128[0m bits  DHE-RSA-CAMELLIA128-SHA       DHE 2048 bits
Accepted  [33mTLSv1.0[0m  [32m256[0m bits  AES256-SHA                   
Accepted  [33mTLSv1.0[0m  [32m256[0m bits  CAMELLIA256-SHA              
Accepted  [33mTLSv1.0[0m  [32m128[0m bits  AES128-SHA                   
Accepted  [33mTLSv1.0[0m  [32m128[0m bits  CAMELLIA128-SHA              

  [1;34mServer Key Exchange Group(s):[0m
TLSv1.2  [32m128[0m bits  secp256r1 (NIST P-256)[0m
TLSv1.2  [32m192[0m bits  secp384r1 (NIST P-384)[0m
TLSv1.2  [32m260[0m bits  secp521r1 (NIST P-521)[0m
TLSv1.2  [32m128[0m bits  [32mx25519[0m

  [1;34mSSL Certificate:[0m
Signature Algorithm: [32msha256WithRSAEncryption[0m
RSA Key Strength:    2048

Subject:  medianet.com.tn
Altnames: DNS:medianet.com.tn, DNS:medianet.tn, DNS:www.medianet.com.tn, DNS:www.medianet.tn
Issuer:   R12

Not valid before: [32mMay 23 19:02:57 2026 GMT[0m
Not valid after:  [32mAug 21 19:02:56 2026 GMT[0m
