[INFO] 

Dependency-Check is an open source tool performing a best effort analysis of 3rd party dependencies; false positives and false negatives may exist in the analysis performed by the tool. Use of the tool and the reporting provided constitutes acceptance for use in an AS IS condition, and there are NO warranties, implied or otherwise, with regard to the analysis or its use. Any use of the tool and the reporting provided is at the user's risk. In no event shall the copyright holder or OWASP be held liable for any damages whatsoever arising out of or in connection with the use of this tool, the analysis performed, or the resulting report.


   About ODC: https://dependency-check.github.io/DependencyCheck/general/internals.html
   False Positives: https://dependency-check.github.io/DependencyCheck/general/suppression.html


[INFO] Analysis Started
[INFO] Finished Archive Analyzer (0 seconds)
[INFO] Finished File Name Analyzer (0 seconds)
[INFO] Finished Jar Analyzer (0 seconds)
[INFO] Finished Central Analyzer (0 seconds)
[WARN] No lock file exists - this will result in false negatives; please run `npm install --package-lock`
[WARN] No lock file exists - this will result in false negatives; please run `npm install --package-lock`
[WARN] No lock file exists - this will result in false negatives; please run `npm install --package-lock`
[WARN] Analyzing `/workspace/repo/Frontend/backoffice/package.json` - however, the node_modules directory does not exist. Please run `npm install` prior to running dependency-check
[WARN] Analyzing `/workspace/repo/Frontend/frontoffice/package.json` - however, the node_modules directory does not exist. Please run `npm install` prior to running dependency-check
[WARN] Analyzing `/workspace/repo/Frontend/package.json` - however, the node_modules directory does not exist. Please run `npm install` prior to running dependency-check
[INFO] Finished Node Package Analyzer (0 seconds)
[INFO] Finished Dependency Merging Analyzer (0 seconds)
[INFO] Finished Hint Analyzer (0 seconds)
[INFO] Finished Version Filter Analyzer (0 seconds)
[INFO] Created CPE Index (2 seconds)
[INFO] Finished CPE Analyzer (2 seconds)
[INFO] Finished False Positive Analyzer (0 seconds)
[INFO] Finished NVD CVE Analyzer (0 seconds)
[INFO] Finished RetireJS Analyzer (0 seconds)
[WARN] Sonatype OSS Index Analyzer disabled due to missing credentials. Authentication with token is now required, and OSS Index is migrating to Sonatype Guide. See https://dependency-check.github.io/DependencyCheck/analyzers/oss-index-analyzer.html for more information on authentication with Sonatype Guide OSS Index.
[INFO] Finished Vulnerability Suppression Analyzer (0 seconds)
[INFO] Finished Known Exploited Vulnerability Analyzer (0 seconds)
[INFO] Finished Dependency Bundling Analyzer (0 seconds)
[INFO] Finished Unused Suppression Rule Analyzer (0 seconds)
[INFO] Analysis Complete (3 seconds)
[INFO] Writing JSON report to: /workspace/results/dependency-check-report.json
