Starting Nmap 7.99 ( https://nmap.org ) at 2026-06-10 12:24 +0000
Nmap scan report for medianet.tn (196.203.16.137)
Host is up (0.0084s latency).

PORT    STATE SERVICE
443/tcp open  https
| ssl-enum-ciphers: 
|   TLSv1.0: 
|     ciphers: 
|       TLS_DHE_RSA_WITH_AES_128_CBC_SHA (dh 2048) - A
|       TLS_DHE_RSA_WITH_AES_256_CBC_SHA (dh 2048) - A
|       TLS_DHE_RSA_WITH_CAMELLIA_128_CBC_SHA (dh 2048) - A
|       TLS_DHE_RSA_WITH_CAMELLIA_256_CBC_SHA (dh 2048) - A
|       TLS_ECDHE_RSA_WITH_AES_128_CBC_SHA (secp256r1) - A
|       TLS_ECDHE_RSA_WITH_AES_256_CBC_SHA (secp256r1) - A
|       TLS_RSA_WITH_AES_128_CBC_SHA (rsa 2048) - A
|       TLS_RSA_WITH_AES_256_CBC_SHA (rsa 2048) - A
|       TLS_RSA_WITH_CAMELLIA_128_CBC_SHA (rsa 2048) - A
|       TLS_RSA_WITH_CAMELLIA_256_CBC_SHA (rsa 2048) - A
|     compressors: 
|       NULL
|     cipher preference: client
|   TLSv1.1: 
|     ciphers: 
|       TLS_DHE_RSA_WITH_AES_128_CBC_SHA (dh 2048) - A
|       TLS_DHE_RSA_WITH_AES_256_CBC_SHA (dh 2048) - A
|       TLS_DHE_RSA_WITH_CAMELLIA_128_CBC_SHA (dh 2048) - A
|       TLS_DHE_RSA_WITH_CAMELLIA_256_CBC_SHA (dh 2048) - A
|       TLS_ECDHE_RSA_WITH_AES_128_CBC_SHA (secp256r1) - A
|       TLS_ECDHE_RSA_WITH_AES_256_CBC_SHA (secp256r1) - A
|       TLS_RSA_WITH_AES_128_CBC_SHA (rsa 2048) - A
|       TLS_RSA_WITH_AES_256_CBC_SHA (rsa 2048) - A
|       TLS_RSA_WITH_CAMELLIA_128_CBC_SHA (rsa 2048) - A
|       TLS_RSA_WITH_CAMELLIA_256_CBC_SHA (rsa 2048) - A
|     compressors: 
|       NULL
|     cipher preference: client
|   TLSv1.2: 
|     ciphers: 
|       TLS_DHE_RSA_WITH_AES_128_CBC_SHA (dh 2048) - A
|       TLS_DHE_RSA_WITH_AES_128_CBC_SHA256 (dh 2048) - A
|       TLS_DHE_RSA_WITH_AES_128_CCM (dh 2048) - A
|       TLS_DHE_RSA_WITH_AES_128_CCM_8 (dh 2048) - A
|       TLS_DHE_RSA_WITH_AES_128_GCM_SHA256 (dh 2048) - A
|       TLS_DHE_RSA_WITH_AES_256_CBC_SHA (dh 2048) - A
|       TLS_DHE_RSA_WITH_AES_256_CBC_SHA256 (dh 2048) - A
|       TLS_DHE_RSA_WITH_AES_256_CCM (dh 2048) - A
|       TLS_DHE_RSA_WITH_AES_256_CCM_8 (dh 2048) - A
|       TLS_DHE_RSA_WITH_AES_256_GCM_SHA384 (dh 2048) - A
|       TLS_DHE_RSA_WITH_CAMELLIA_128_CBC_SHA (dh 2048) - A
|       TLS_DHE_RSA_WITH_CAMELLIA_128_CBC_SHA256 (dh 2048) - A
|       TLS_DHE_RSA_WITH_CAMELLIA_256_CBC_SHA (dh 2048) - A
|       TLS_DHE_RSA_WITH_CAMELLIA_256_CBC_SHA256 (dh 2048) - A
|       TLS_DHE_RSA_WITH_CHACHA20_POLY1305_SHA256 (dh 2048) - A
|       TLS_ECDHE_RSA_WITH_AES_128_CBC_SHA (secp256r1) - A
|       TLS_ECDHE_RSA_WITH_AES_128_CBC_SHA256 (secp256r1) - A
|       TLS_ECDHE_RSA_WITH_AES_128_GCM_SHA256 (secp256r1) - A
|       TLS_ECDHE_RSA_WITH_AES_256_CBC_SHA (secp256r1) - A
|       TLS_ECDHE_RSA_WITH_AES_256_CBC_SHA384 (secp256r1) - A
|       TLS_ECDHE_RSA_WITH_AES_256_GCM_SHA384 (secp256r1) - A
|       TLS_ECDHE_RSA_WITH_CAMELLIA_128_CBC_SHA256 (secp256r1) - A
|       TLS_ECDHE_RSA_WITH_CAMELLIA_256_CBC_SHA384 (secp256r1) - A
|       TLS_ECDHE_RSA_WITH_CHACHA20_POLY1305_SHA256 (secp256r1) - A
|       TLS_RSA_WITH_AES_128_CBC_SHA (rsa 2048) - A
|       TLS_RSA_WITH_AES_128_CBC_SHA256 (rsa 2048) - A
|       TLS_RSA_WITH_AES_128_CCM (rsa 2048) - A
|       TLS_RSA_WITH_AES_128_CCM_8 (rsa 2048) - A
|       TLS_RSA_WITH_AES_128_GCM_SHA256 (rsa 2048) - A
|       TLS_RSA_WITH_AES_256_CBC_SHA (rsa 2048) - A
|       TLS_RSA_WITH_AES_256_CBC_SHA256 (rsa 2048) - A
|       TLS_RSA_WITH_AES_256_CCM (rsa 2048) - A
|       TLS_RSA_WITH_AES_256_CCM_8 (rsa 2048) - A
|       TLS_RSA_WITH_AES_256_GCM_SHA384 (rsa 2048) - A
|       TLS_RSA_WITH_CAMELLIA_128_CBC_SHA (rsa 2048) - A
|       TLS_RSA_WITH_CAMELLIA_128_CBC_SHA256 (rsa 2048) - A
|       TLS_RSA_WITH_CAMELLIA_256_CBC_SHA (rsa 2048) - A
|       TLS_RSA_WITH_CAMELLIA_256_CBC_SHA256 (rsa 2048) - A
|     compressors: 
|       NULL
|     cipher preference: client
|_  least strength: A

Nmap done: 1 IP address (1 host up) scanned in 6.99 seconds
