               
               
┌─────────────┐
│ Scan Status │
└─────────────┘
  Scanning 249 files tracked by git with 544 Code rules:
                                                                                                                        
  Language      Rules   Files          Origin      Rules                                                                
 ─────────────────────────────        ───────────────────                                                               
  <multilang>       7     249          Community     544                                                                
  java             60     147                                                                                           
  js               65      78                                                                                           
  json              3       3                                                                                           
  html              1       2                                                                                           
                                                                                                                        
                
                
┌──────────────┐
│ Scan Summary │
└──────────────┘
✅ Scan completed successfully.
 • Findings: 0 (0 blocking)
 • Rules run: 136
 • Targets scanned: 249
 • Parsed lines: ~99.9%
 • Scan was limited to files tracked by git
 • For a detailed list of skipped files and lines, run semgrep with the --verbose flag
Ran 136 rules on 249 files: 0 findings.
(need more rules? `semgrep login` for additional free Semgrep Registry rules)

If Semgrep missed a finding, please send us feedback to let us know!
See https://semgrep.dev/docs/reporting-false-negatives/
