               
               
┌─────────────┐
│ Scan Status │
└─────────────┘
  Scanning 249 files tracked by git with 1059 Code rules:
                                                                                                                        
  Language      Rules   Files          Origin      Rules                                                                
 ─────────────────────────────        ───────────────────                                                               
  <multilang>      61     249          Community    1059                                                                
  java            118     147                                                                                           
  js              153      78                                                                                           
  json              4       3                                                                                           
  html              1       2                                                                                           
                                                                                                                        
                
                
┌──────────────┐
│ Scan Summary │
└──────────────┘
✅ Scan completed successfully.
 • Findings: 2 (2 blocking)
 • Rules run: 335
 • Targets scanned: 249
 • Parsed lines: ~99.9%
 • Scan was limited to files tracked by git
 • For a detailed list of skipped files and lines, run semgrep with the --verbose flag
Ran 335 rules on 249 files: 2 findings.
