               
               
┌─────────────┐
│ Scan Status │
└─────────────┘
  Scanning 633 files tracked by git with 544 Code rules:
                                                                                                                        
  Language      Rules   Files          Origin      Rules                                                                
 ─────────────────────────────        ───────────────────                                                               
  <multilang>       7     633          Community     544                                                                
  ts               71     279                                                                                           
  java             60     206                                                                                           
  js               65      43                                                                                           
  python          147      22                                                                                           
  json              3      12                                                                                           
  html              1       5                                                                                           
  yaml             19       4                                                                                           
  dockerfile        4       1                                                                                           
                                                                                                                        
                
                
┌──────────────┐
│ Scan Summary │
└──────────────┘
✅ Scan completed successfully.
 • Findings: 1 (1 blocking)
 • Rules run: 312
 • Targets scanned: 633
 • Parsed lines: ~100.0%
 • Scan skipped: 
   ◦ Files larger than  files 1.0 MB: 5
 • Scan was limited to files tracked by git
 • For a detailed list of skipped files and lines, run semgrep with the --verbose flag
Ran 312 rules on 633 files: 1 finding.

A new version of Semgrep is available. See https://semgrep.dev/docs/upgrading
